This file contains any messages produced by compilers while
running configure, to aid debugging if configure makes a mistake.

It was created by configure, which was
generated by GNU Autoconf 2.69.  Invocation command line was

  $ ./configure --with-pd=../../../pure-data

## --------- ##
## Platform. ##
## --------- ##

hostname = Monowan-2.local
uname -m = x86_64
uname -r = 17.5.0
uname -s = Darwin
uname -v = Darwin Kernel Version 17.5.0: Mon Mar  5 22:24:32 PST 2018; root:xnu-4570.51.1~1/RELEASE_X86_64

/usr/bin/uname -p = i386
/bin/uname -X     = unknown

/bin/arch              = unknown
/usr/bin/arch -k       = unknown
/usr/convex/getsysinfo = unknown
/usr/bin/hostinfo      = Mach kernel version:
	 Darwin Kernel Version 17.5.0: Mon Mar  5 22:24:32 PST 2018; root:xnu-4570.51.1~1/RELEASE_X86_64
Kernel configured for up to 4 processors.
2 processors are physically available.
4 processors are logically available.
Processor type: i486 (Intel 80486)
Processors active: 0 1 2 3
Primary memory available: 8.00 gigabytes
Default processor set: 363 tasks, 2085 threads, 4 processors
Load average: 2.34, Mach factor: 1.65
/bin/machine           = unknown
/usr/bin/oslevel       = unknown
/bin/universe          = unknown

PATH: /opt/local/bin
PATH: /opt/local/sbin
PATH: /usr/local/bin
PATH: /usr/bin
PATH: /bin
PATH: /usr/sbin
PATH: /sbin
PATH: /opt/X11/bin
PATH: /Library/Frameworks/Mono.framework/Versions/Current/Commands
PATH: /usr/local/CrossPack-AVR/bin
PATH: /Users/as220/esp/xtensa-esp32-elf/bin


## ----------- ##
## Core tests. ##
## ----------- ##

configure:2192: checking for gcc
configure:2208: found /usr/bin/gcc
configure:2219: result: gcc
configure:2448: checking for C compiler version
configure:2457: gcc --version >&5
Apple LLVM version 9.1.0 (clang-902.0.39.2)
Target: x86_64-apple-darwin17.5.0
Thread model: posix
InstalledDir: /Applications/Xcode.app/Contents/Developer/Toolchains/XcodeDefault.xctoolchain/usr/bin
Configured with: --prefix=/Applications/Xcode.app/Contents/Developer/usr --with-gxx-include-dir=/Applications/Xcode.app/Contents/Developer/Platforms/MacOSX.platform/Developer/SDKs/MacOSX10.13.sdk/usr/include/c++/4.2.1
configure:2468: $? = 0
configure:2457: gcc -v >&5
Configured with: --prefix=/Applications/Xcode.app/Contents/Developer/usr --with-gxx-include-dir=/Applications/Xcode.app/Contents/Developer/Platforms/MacOSX.platform/Developer/SDKs/MacOSX10.13.sdk/usr/include/c++/4.2.1
Apple LLVM version 9.1.0 (clang-902.0.39.2)
Target: x86_64-apple-darwin17.5.0
Thread model: posix
InstalledDir: /Applications/Xcode.app/Contents/Developer/Toolchains/XcodeDefault.xctoolchain/usr/bin
configure:2468: $? = 0
configure:2457: gcc -V >&5
clang: error: argument to '-V' is missing (expected 1 value)
clang: error: no input files
configure:2468: $? = 1
configure:2457: gcc -qversion >&5
clang: error: unknown argument: '-qversion'
clang: error: no input files
configure:2468: $? = 1
configure:2488: checking whether the C compiler works
configure:2510: gcc    conftest.c  >&5
configure:2514: $? = 0
configure:2562: result: yes
configure:2565: checking for C compiler default output file name
configure:2567: result: a.out
configure:2573: checking for suffix of executables
configure:2580: gcc -o conftest    conftest.c  >&5
configure:2584: $? = 0
configure:2606: result: 
configure:2628: checking whether we are cross compiling
configure:2636: gcc -o conftest    conftest.c  >&5
configure:2640: $? = 0
configure:2647: ./conftest
configure:2651: $? = 0
configure:2666: result: no
configure:2671: checking for suffix of object files
configure:2693: gcc -c   conftest.c >&5
configure:2697: $? = 0
configure:2718: result: o
configure:2722: checking whether we are using the GNU C compiler
configure:2741: gcc -c   conftest.c >&5
configure:2741: $? = 0
configure:2750: result: yes
configure:2759: checking whether gcc accepts -g
configure:2779: gcc -c -g  conftest.c >&5
configure:2779: $? = 0
configure:2820: result: yes
configure:2837: checking for gcc option to accept ISO C89
configure:2900: gcc  -c -g -O2  conftest.c >&5
configure:2900: $? = 0
configure:2913: result: none needed
configure:3022: result: adding ../../../pure-data/src to INCLUDES
configure:3026: result: adding ../../../pure-data/src to LDFLAGS
configure:3042: result: adding ../../../pure-data to LDFLAGS
configure:3071: checking for main in -lc
configure:3090: gcc -o conftest -I../../../pure-data/src  -g -O2 -I../../../pure-data/src   -L../../../pure-data -L../../../pure-data/src  conftest.c -lc   >&5
configure:3090: $? = 0
configure:3099: result: yes
configure:3110: checking for fclose in -lcrtdll
configure:3135: gcc -o conftest -I../../../pure-data/src  -g -O2 -I../../../pure-data/src   -L../../../pure-data -L../../../pure-data/src  conftest.c -lcrtdll  -lc  >&5
ld: library not found for -lcrtdll
clang: error: linker command failed with exit code 1 (use -v to see invocation)
configure:3135: $? = 1
configure: failed program was:
| /* confdefs.h */
| #define PACKAGE_NAME ""
| #define PACKAGE_TARNAME ""
| #define PACKAGE_VERSION ""
| #define PACKAGE_STRING ""
| #define PACKAGE_BUGREPORT ""
| #define PACKAGE_URL ""
| #define HAVE_LIBC 1
| /* end confdefs.h.  */
| 
| /* Override any GCC internal prototype to avoid an error.
|    Use char because int might match the return type of a GCC
|    builtin and then its argument prototype would still apply.  */
| #ifdef __cplusplus
| extern "C"
| #endif
| char fclose ();
| int
| main ()
| {
| return fclose ();
|   ;
|   return 0;
| }
configure:3144: result: no
configure:3156: checking for lseek in -lcoldname
configure:3181: gcc -o conftest -I../../../pure-data/src  -g -O2 -I../../../pure-data/src   -L../../../pure-data -L../../../pure-data/src  conftest.c -lcoldname  -lc  >&5
ld: library not found for -lcoldname
clang: error: linker command failed with exit code 1 (use -v to see invocation)
configure:3181: $? = 1
configure: failed program was:
| /* confdefs.h */
| #define PACKAGE_NAME ""
| #define PACKAGE_TARNAME ""
| #define PACKAGE_VERSION ""
| #define PACKAGE_STRING ""
| #define PACKAGE_BUGREPORT ""
| #define PACKAGE_URL ""
| #define HAVE_LIBC 1
| /* end confdefs.h.  */
| 
| /* Override any GCC internal prototype to avoid an error.
|    Use char because int might match the return type of a GCC
|    builtin and then its argument prototype would still apply.  */
| #ifdef __cplusplus
| extern "C"
| #endif
| char lseek ();
| int
| main ()
| {
| return lseek ();
|   ;
|   return 0;
| }
configure:3190: result: no
configure:3201: checking for main in -lkernel32
configure:3220: gcc -o conftest -I../../../pure-data/src  -g -O2 -I../../../pure-data/src   -L../../../pure-data -L../../../pure-data/src  conftest.c -lkernel32  -lc  >&5
ld: library not found for -lkernel32
clang: error: linker command failed with exit code 1 (use -v to see invocation)
configure:3220: $? = 1
configure: failed program was:
| /* confdefs.h */
| #define PACKAGE_NAME ""
| #define PACKAGE_TARNAME ""
| #define PACKAGE_VERSION ""
| #define PACKAGE_STRING ""
| #define PACKAGE_BUGREPORT ""
| #define PACKAGE_URL ""
| #define HAVE_LIBC 1
| /* end confdefs.h.  */
| 
| 
| int
| main ()
| {
| return main ();
|   ;
|   return 0;
| }
configure:3229: result: no
configure:3240: checking for main in -luser32
configure:3259: gcc -o conftest -I../../../pure-data/src  -g -O2 -I../../../pure-data/src   -L../../../pure-data -L../../../pure-data/src  conftest.c -luser32  -lc  >&5
ld: library not found for -luser32
clang: error: linker command failed with exit code 1 (use -v to see invocation)
configure:3259: $? = 1
configure: failed program was:
| /* confdefs.h */
| #define PACKAGE_NAME ""
| #define PACKAGE_TARNAME ""
| #define PACKAGE_VERSION ""
| #define PACKAGE_STRING ""
| #define PACKAGE_BUGREPORT ""
| #define PACKAGE_URL ""
| #define HAVE_LIBC 1
| /* end confdefs.h.  */
| 
| 
| int
| main ()
| {
| return main ();
|   ;
|   return 0;
| }
configure:3268: result: no
configure:3279: checking for main in -lgdi32
configure:3298: gcc -o conftest -I../../../pure-data/src  -g -O2 -I../../../pure-data/src   -L../../../pure-data -L../../../pure-data/src  conftest.c -lgdi32  -lc  >&5
ld: library not found for -lgdi32
clang: error: linker command failed with exit code 1 (use -v to see invocation)
configure:3298: $? = 1
configure: failed program was:
| /* confdefs.h */
| #define PACKAGE_NAME ""
| #define PACKAGE_TARNAME ""
| #define PACKAGE_VERSION ""
| #define PACKAGE_STRING ""
| #define PACKAGE_BUGREPORT ""
| #define PACKAGE_URL ""
| #define HAVE_LIBC 1
| /* end confdefs.h.  */
| 
| 
| int
| main ()
| {
| return main ();
|   ;
|   return 0;
| }
configure:3307: result: no
configure:3319: checking for main in -lm
configure:3338: gcc -o conftest -I../../../pure-data/src  -g -O2 -I../../../pure-data/src   -L../../../pure-data -L../../../pure-data/src  conftest.c -lm  -lc  >&5
configure:3338: $? = 0
configure:3347: result: yes
configure:3359: checking for nullfn in -lpd
configure:3384: gcc -o conftest -I../../../pure-data/src  -g -O2 -I../../../pure-data/src   -L../../../pure-data -L../../../pure-data/src  conftest.c -lpd  -lm -lc  >&5
ld: library not found for -lpd
clang: error: linker command failed with exit code 1 (use -v to see invocation)
configure:3384: $? = 1
configure: failed program was:
| /* confdefs.h */
| #define PACKAGE_NAME ""
| #define PACKAGE_TARNAME ""
| #define PACKAGE_VERSION ""
| #define PACKAGE_STRING ""
| #define PACKAGE_BUGREPORT ""
| #define PACKAGE_URL ""
| #define HAVE_LIBC 1
| #define HAVE_LIBM 1
| /* end confdefs.h.  */
| 
| /* Override any GCC internal prototype to avoid an error.
|    Use char because int might match the return type of a GCC
|    builtin and then its argument prototype would still apply.  */
| #ifdef __cplusplus
| extern "C"
| #endif
| char nullfn ();
| int
| main ()
| {
| return nullfn ();
|   ;
|   return 0;
| }
configure:3393: result: no
configure:3405: checking for regcomp in -lregex
configure:3430: gcc -o conftest -I../../../pure-data/src  -g -O2 -I../../../pure-data/src   -L../../../pure-data -L../../../pure-data/src  conftest.c -lregex  -lm -lc  >&5
ld: library not found for -lregex
clang: error: linker command failed with exit code 1 (use -v to see invocation)
configure:3430: $? = 1
configure: failed program was:
| /* confdefs.h */
| #define PACKAGE_NAME ""
| #define PACKAGE_TARNAME ""
| #define PACKAGE_VERSION ""
| #define PACKAGE_STRING ""
| #define PACKAGE_BUGREPORT ""
| #define PACKAGE_URL ""
| #define HAVE_LIBC 1
| #define HAVE_LIBM 1
| /* end confdefs.h.  */
| 
| /* Override any GCC internal prototype to avoid an error.
|    Use char because int might match the return type of a GCC
|    builtin and then its argument prototype would still apply.  */
| #ifdef __cplusplus
| extern "C"
| #endif
| char regcomp ();
| int
| main ()
| {
| return regcomp ();
|   ;
|   return 0;
| }
configure:3439: result: no
configure:3457: checking how to run the C preprocessor
configure:3488: gcc -E -I../../../pure-data/src   conftest.c
configure:3488: $? = 0
configure:3502: gcc -E -I../../../pure-data/src   conftest.c
conftest.c:11:10: fatal error: 'ac_nonexistent.h' file not found
#include <ac_nonexistent.h>
         ^~~~~~~~~~~~~~~~~~
1 error generated.
configure:3502: $? = 1
configure: failed program was:
| /* confdefs.h */
| #define PACKAGE_NAME ""
| #define PACKAGE_TARNAME ""
| #define PACKAGE_VERSION ""
| #define PACKAGE_STRING ""
| #define PACKAGE_BUGREPORT ""
| #define PACKAGE_URL ""
| #define HAVE_LIBC 1
| #define HAVE_LIBM 1
| /* end confdefs.h.  */
| #include <ac_nonexistent.h>
configure:3527: result: gcc -E
configure:3547: gcc -E -I../../../pure-data/src   conftest.c
configure:3547: $? = 0
configure:3561: gcc -E -I../../../pure-data/src   conftest.c
conftest.c:11:10: fatal error: 'ac_nonexistent.h' file not found
#include <ac_nonexistent.h>
         ^~~~~~~~~~~~~~~~~~
1 error generated.
configure:3561: $? = 1
configure: failed program was:
| /* confdefs.h */
| #define PACKAGE_NAME ""
| #define PACKAGE_TARNAME ""
| #define PACKAGE_VERSION ""
| #define PACKAGE_STRING ""
| #define PACKAGE_BUGREPORT ""
| #define PACKAGE_URL ""
| #define HAVE_LIBC 1
| #define HAVE_LIBM 1
| /* end confdefs.h.  */
| #include <ac_nonexistent.h>
configure:3590: checking for grep that handles long lines and -e
configure:3648: result: /opt/local/bin/grep
configure:3653: checking for egrep
configure:3715: result: /opt/local/bin/grep -E
configure:3720: checking for ANSI C header files
configure:3740: gcc -c -I../../../pure-data/src  -g -O2 -I../../../pure-data/src   conftest.c >&5
configure:3740: $? = 0
configure:3813: gcc -o conftest -I../../../pure-data/src  -g -O2 -I../../../pure-data/src   -L../../../pure-data -L../../../pure-data/src  conftest.c -lm -lc  >&5
configure:3813: $? = 0
configure:3813: ./conftest
configure:3813: $? = 0
configure:3824: result: yes
configure:3837: checking for sys/types.h
configure:3837: gcc -c -I../../../pure-data/src  -g -O2 -I../../../pure-data/src   conftest.c >&5
configure:3837: $? = 0
configure:3837: result: yes
configure:3837: checking for sys/stat.h
configure:3837: gcc -c -I../../../pure-data/src  -g -O2 -I../../../pure-data/src   conftest.c >&5
configure:3837: $? = 0
configure:3837: result: yes
configure:3837: checking for stdlib.h
configure:3837: gcc -c -I../../../pure-data/src  -g -O2 -I../../../pure-data/src   conftest.c >&5
configure:3837: $? = 0
configure:3837: result: yes
configure:3837: checking for string.h
configure:3837: gcc -c -I../../../pure-data/src  -g -O2 -I../../../pure-data/src   conftest.c >&5
configure:3837: $? = 0
configure:3837: result: yes
configure:3837: checking for memory.h
configure:3837: gcc -c -I../../../pure-data/src  -g -O2 -I../../../pure-data/src   conftest.c >&5
configure:3837: $? = 0
configure:3837: result: yes
configure:3837: checking for strings.h
configure:3837: gcc -c -I../../../pure-data/src  -g -O2 -I../../../pure-data/src   conftest.c >&5
configure:3837: $? = 0
configure:3837: result: yes
configure:3837: checking for inttypes.h
configure:3837: gcc -c -I../../../pure-data/src  -g -O2 -I../../../pure-data/src   conftest.c >&5
configure:3837: $? = 0
configure:3837: result: yes
configure:3837: checking for stdint.h
configure:3837: gcc -c -I../../../pure-data/src  -g -O2 -I../../../pure-data/src   conftest.c >&5
configure:3837: $? = 0
configure:3837: result: yes
configure:3837: checking for unistd.h
configure:3837: gcc -c -I../../../pure-data/src  -g -O2 -I../../../pure-data/src   conftest.c >&5
configure:3837: $? = 0
configure:3837: result: yes
configure:3852: checking for stdlib.h
configure:3852: result: yes
configure:3852: checking stdio.h usability
configure:3852: gcc -c -I../../../pure-data/src  -g -O2 -I../../../pure-data/src   conftest.c >&5
configure:3852: $? = 0
configure:3852: result: yes
configure:3852: checking stdio.h presence
configure:3852: gcc -E -I../../../pure-data/src   conftest.c
configure:3852: $? = 0
configure:3852: result: yes
configure:3852: checking for stdio.h
configure:3852: result: yes
configure:3852: checking for string.h
configure:3852: result: yes
configure:3852: checking math.h usability
configure:3852: gcc -c -I../../../pure-data/src  -g -O2 -I../../../pure-data/src   conftest.c >&5
configure:3852: $? = 0
configure:3852: result: yes
configure:3852: checking math.h presence
configure:3852: gcc -E -I../../../pure-data/src   conftest.c
configure:3852: $? = 0
configure:3852: result: yes
configure:3852: checking for math.h
configure:3852: result: yes
configure:3852: checking time.h usability
configure:3852: gcc -c -I../../../pure-data/src  -g -O2 -I../../../pure-data/src   conftest.c >&5
configure:3852: $? = 0
configure:3852: result: yes
configure:3852: checking time.h presence
configure:3852: gcc -E -I../../../pure-data/src   conftest.c
configure:3852: $? = 0
configure:3852: result: yes
configure:3852: checking for time.h
configure:3852: result: yes
configure:3852: checking sys/time.h usability
configure:3852: gcc -c -I../../../pure-data/src  -g -O2 -I../../../pure-data/src   conftest.c >&5
configure:3852: $? = 0
configure:3852: result: yes
configure:3852: checking sys/time.h presence
configure:3852: gcc -E -I../../../pure-data/src   conftest.c
configure:3852: $? = 0
configure:3852: result: yes
configure:3852: checking for sys/time.h
configure:3852: result: yes
configure:3852: checking regex.h usability
configure:3852: gcc -c -I../../../pure-data/src  -g -O2 -I../../../pure-data/src   conftest.c >&5
configure:3852: $? = 0
configure:3852: result: yes
configure:3852: checking regex.h presence
configure:3852: gcc -E -I../../../pure-data/src   conftest.c
configure:3852: $? = 0
configure:3852: result: yes
configure:3852: checking for regex.h
configure:3852: result: yes
configure:3852: checking alloca.h usability
configure:3852: gcc -c -I../../../pure-data/src  -g -O2 -I../../../pure-data/src   conftest.c >&5
configure:3852: $? = 0
configure:3852: result: yes
configure:3852: checking alloca.h presence
configure:3852: gcc -E -I../../../pure-data/src   conftest.c
configure:3852: $? = 0
configure:3852: result: yes
configure:3852: checking for alloca.h
configure:3852: result: yes
configure:3863: checking whether time.h and sys/time.h may both be included
configure:3883: gcc -c -I../../../pure-data/src  -g -O2 -I../../../pure-data/src   conftest.c >&5
configure:3883: $? = 0
configure:3890: result: yes
configure:3915: checking for stdlib.h
configure:3915: result: yes
configure:3915: checking for unistd.h
configure:3915: result: yes
configure:3915: checking for sys/param.h
configure:3915: gcc -c -I../../../pure-data/src  -g -O2 -I../../../pure-data/src   conftest.c >&5
configure:3915: $? = 0
configure:3915: result: yes
configure:3935: checking for getpagesize
configure:3935: gcc -o conftest -I../../../pure-data/src  -g -O2 -I../../../pure-data/src   -L../../../pure-data -L../../../pure-data/src  conftest.c -lm -lc  >&5
configure:3935: $? = 0
configure:3935: result: yes
configure:3944: checking for working mmap
configure:4091: gcc -o conftest -I../../../pure-data/src  -g -O2 -I../../../pure-data/src   -L../../../pure-data -L../../../pure-data/src  conftest.c -lm -lc  >&5
configure:4091: $? = 0
configure:4091: ./conftest
configure:4091: $? = 0
configure:4101: result: yes
configure:4113: checking for select
configure:4113: gcc -o conftest -I../../../pure-data/src  -g -O2 -I../../../pure-data/src   -L../../../pure-data -L../../../pure-data/src  conftest.c -lm -lc  >&5
configure:4113: $? = 0
configure:4113: result: yes
configure:4113: checking for socket
configure:4113: gcc -o conftest -I../../../pure-data/src  -g -O2 -I../../../pure-data/src   -L../../../pure-data -L../../../pure-data/src  conftest.c -lm -lc  >&5
configure:4113: $? = 0
configure:4113: result: yes
configure:4113: checking for strerror
configure:4113: gcc -o conftest -I../../../pure-data/src  -g -O2 -I../../../pure-data/src   -L../../../pure-data -L../../../pure-data/src  conftest.c -lm -lc  >&5
conftest.c:60:6: warning: incompatible redeclaration of library function 'strerror' [-Wincompatible-library-redeclaration]
char strerror ();
     ^
conftest.c:60:6: note: 'strerror' is a builtin with type 'char *(int)'
1 warning generated.
configure:4113: $? = 0
configure:4113: result: yes
configure:4242: checking whether gcc accepts "-mms-bitfields"
configure:4251: result: yes
configure:4255: checking whether gcc -E accepts "-mms-bitfields"
configure:4263: gcc -E -mms-bitfields -I../../../pure-data/src   conftest.c
configure:4263: $? = 0
configure:4264: result: yes
configure:4282: checking whether gcc accepts "-fPIC"
configure:4291: result: yes
configure:4295: checking whether gcc -E accepts "-fPIC"
configure:4303: gcc -E -fPIC -mms-bitfields -I../../../pure-data/src   conftest.c
configure:4303: $? = 0
configure:4304: result: yes
configure:4429: checking "pd>=0.37"
configure:4472: checking "zexy-version"
configure:4524: WARNING: "lpt not supported on this platform - disabling"
configure:4532: checking whether linker accepts "-shared -Wl,--export-dynamic"
configure:4548: gcc -o conftest -I../../../pure-data/src  -g -O2 -mms-bitfields -fPIC -fPIC -mms-bitfields -I../../../pure-data/src   -shared -Wl,--export-dynamic -L../../../pure-data -L../../../pure-data/src  conftest.c -lm -lc  >&5
ld: unknown option: --export-dynamic
clang: error: linker command failed with exit code 1 (use -v to see invocation)
configure:4548: $? = 1
configure: failed program was:
| /* confdefs.h */
| #define PACKAGE_NAME ""
| #define PACKAGE_TARNAME ""
| #define PACKAGE_VERSION ""
| #define PACKAGE_STRING ""
| #define PACKAGE_BUGREPORT ""
| #define PACKAGE_URL ""
| #define HAVE_LIBC 1
| #define HAVE_LIBM 1
| #define STDC_HEADERS 1
| #define HAVE_SYS_TYPES_H 1
| #define HAVE_SYS_STAT_H 1
| #define HAVE_STDLIB_H 1
| #define HAVE_STRING_H 1
| #define HAVE_MEMORY_H 1
| #define HAVE_STRINGS_H 1
| #define HAVE_INTTYPES_H 1
| #define HAVE_STDINT_H 1
| #define HAVE_UNISTD_H 1
| #define HAVE_STDLIB_H 1
| #define HAVE_STDIO_H 1
| #define HAVE_STRING_H 1
| #define HAVE_MATH_H 1
| #define HAVE_TIME_H 1
| #define HAVE_SYS_TIME_H 1
| #define HAVE_REGEX_H 1
| #define HAVE_ALLOCA_H 1
| #define TIME_WITH_SYS_TIME 1
| #define HAVE_STDLIB_H 1
| #define HAVE_UNISTD_H 1
| #define HAVE_SYS_PARAM_H 1
| #define HAVE_GETPAGESIZE 1
| #define HAVE_MMAP 1
| #define HAVE_SELECT 1
| #define HAVE_SOCKET 1
| #define HAVE_STRERROR 1
| /* end confdefs.h.  */
| 
| int
| main ()
| {
| 
|   ;
|   return 0;
| }
configure:4561: result: no
configure:4570: checking whether linker accepts "-bundle -mmacosx-version-min=10.3 -undefined dynamic_lookup"
configure:4586: gcc -o conftest -I../../../pure-data/src  -g -O2 -mms-bitfields -fPIC -fPIC -mms-bitfields -I../../../pure-data/src   -bundle -mmacosx-version-min=10.3 -undefined dynamic_lookup -L../../../pure-data -L../../../pure-data/src  conftest.c -lm -lc  >&5
configure:4586: $? = 0
configure:4595: result: yes
configure:4721: checking linux/ppdev.h usability
configure:4721: gcc -c -I../../../pure-data/src  -g -O2 -mms-bitfields -fPIC -fPIC -mms-bitfields -I../../../pure-data/src   conftest.c >&5
conftest.c:71:10: fatal error: 'linux/ppdev.h' file not found
#include <linux/ppdev.h>
         ^~~~~~~~~~~~~~~
1 error generated.
configure:4721: $? = 1
configure: failed program was:
| /* confdefs.h */
| #define PACKAGE_NAME ""
| #define PACKAGE_TARNAME ""
| #define PACKAGE_VERSION ""
| #define PACKAGE_STRING ""
| #define PACKAGE_BUGREPORT ""
| #define PACKAGE_URL ""
| #define HAVE_LIBC 1
| #define HAVE_LIBM 1
| #define STDC_HEADERS 1
| #define HAVE_SYS_TYPES_H 1
| #define HAVE_SYS_STAT_H 1
| #define HAVE_STDLIB_H 1
| #define HAVE_STRING_H 1
| #define HAVE_MEMORY_H 1
| #define HAVE_STRINGS_H 1
| #define HAVE_INTTYPES_H 1
| #define HAVE_STDINT_H 1
| #define HAVE_UNISTD_H 1
| #define HAVE_STDLIB_H 1
| #define HAVE_STDIO_H 1
| #define HAVE_STRING_H 1
| #define HAVE_MATH_H 1
| #define HAVE_TIME_H 1
| #define HAVE_SYS_TIME_H 1
| #define HAVE_REGEX_H 1
| #define HAVE_ALLOCA_H 1
| #define TIME_WITH_SYS_TIME 1
| #define HAVE_STDLIB_H 1
| #define HAVE_UNISTD_H 1
| #define HAVE_SYS_PARAM_H 1
| #define HAVE_GETPAGESIZE 1
| #define HAVE_MMAP 1
| #define HAVE_SELECT 1
| #define HAVE_SOCKET 1
| #define HAVE_STRERROR 1
| /* end confdefs.h.  */
| #include <stdio.h>
| #ifdef HAVE_SYS_TYPES_H
| # include <sys/types.h>
| #endif
| #ifdef HAVE_SYS_STAT_H
| # include <sys/stat.h>
| #endif
| #ifdef STDC_HEADERS
| # include <stdlib.h>
| # include <stddef.h>
| #else
| # ifdef HAVE_STDLIB_H
| #  include <stdlib.h>
| # endif
| #endif
| #ifdef HAVE_STRING_H
| # if !defined STDC_HEADERS && defined HAVE_MEMORY_H
| #  include <memory.h>
| # endif
| # include <string.h>
| #endif
| #ifdef HAVE_STRINGS_H
| # include <strings.h>
| #endif
| #ifdef HAVE_INTTYPES_H
| # include <inttypes.h>
| #endif
| #ifdef HAVE_STDINT_H
| # include <stdint.h>
| #endif
| #ifdef HAVE_UNISTD_H
| # include <unistd.h>
| #endif
| #include <linux/ppdev.h>
configure:4721: result: no
configure:4721: checking linux/ppdev.h presence
configure:4721: gcc -E -fPIC -mms-bitfields -I../../../pure-data/src   conftest.c
conftest.c:38:10: fatal error: 'linux/ppdev.h' file not found
#include <linux/ppdev.h>
         ^~~~~~~~~~~~~~~
1 error generated.
configure:4721: $? = 1
configure: failed program was:
| /* confdefs.h */
| #define PACKAGE_NAME ""
| #define PACKAGE_TARNAME ""
| #define PACKAGE_VERSION ""
| #define PACKAGE_STRING ""
| #define PACKAGE_BUGREPORT ""
| #define PACKAGE_URL ""
| #define HAVE_LIBC 1
| #define HAVE_LIBM 1
| #define STDC_HEADERS 1
| #define HAVE_SYS_TYPES_H 1
| #define HAVE_SYS_STAT_H 1
| #define HAVE_STDLIB_H 1
| #define HAVE_STRING_H 1
| #define HAVE_MEMORY_H 1
| #define HAVE_STRINGS_H 1
| #define HAVE_INTTYPES_H 1
| #define HAVE_STDINT_H 1
| #define HAVE_UNISTD_H 1
| #define HAVE_STDLIB_H 1
| #define HAVE_STDIO_H 1
| #define HAVE_STRING_H 1
| #define HAVE_MATH_H 1
| #define HAVE_TIME_H 1
| #define HAVE_SYS_TIME_H 1
| #define HAVE_REGEX_H 1
| #define HAVE_ALLOCA_H 1
| #define TIME_WITH_SYS_TIME 1
| #define HAVE_STDLIB_H 1
| #define HAVE_UNISTD_H 1
| #define HAVE_SYS_PARAM_H 1
| #define HAVE_GETPAGESIZE 1
| #define HAVE_MMAP 1
| #define HAVE_SELECT 1
| #define HAVE_SOCKET 1
| #define HAVE_STRERROR 1
| /* end confdefs.h.  */
| #include <linux/ppdev.h>
configure:4721: result: no
configure:4721: checking for linux/ppdev.h
configure:4721: result: no
configure:4734: checking "parallel-port"
configure:4776: checking m_pd.h usability
configure:4776: gcc -c -I../../../pure-data/src  -g -O2 -mms-bitfields -fPIC -fPIC -mms-bitfields -I../../../pure-data/src   conftest.c >&5
configure:4776: $? = 0
configure:4776: result: yes
configure:4776: checking m_pd.h presence
configure:4776: gcc -E -fPIC -mms-bitfields -I../../../pure-data/src   conftest.c
configure:4776: $? = 0
configure:4776: result: yes
configure:4776: checking for m_pd.h
configure:4776: result: yes
configure:4909: creating ./config.status

## ---------------------- ##
## Running config.status. ##
## ---------------------- ##

This file was extended by config.status, which was
generated by GNU Autoconf 2.69.  Invocation command line was

  CONFIG_FILES    = 
  CONFIG_HEADERS  = 
  CONFIG_LINKS    = 
  CONFIG_COMMANDS = 
  $ ./config.status 

on Monowan-2.local

config.status:833: creating Make.config
config.status:833: creating zexyconf.h

## ---------------- ##
## Cache variables. ##
## ---------------- ##

ac_cv_c_compiler_gnu=yes
ac_cv_env_CC_set=
ac_cv_env_CC_value=
ac_cv_env_CFLAGS_set=
ac_cv_env_CFLAGS_value=
ac_cv_env_CPPFLAGS_set=
ac_cv_env_CPPFLAGS_value=
ac_cv_env_CPP_set=
ac_cv_env_CPP_value=
ac_cv_env_LDFLAGS_set=
ac_cv_env_LDFLAGS_value=
ac_cv_env_LIBS_set=
ac_cv_env_LIBS_value=
ac_cv_env_build_alias_set=
ac_cv_env_build_alias_value=
ac_cv_env_host_alias_set=
ac_cv_env_host_alias_value=
ac_cv_env_target_alias_set=
ac_cv_env_target_alias_value=
ac_cv_func_getpagesize=yes
ac_cv_func_mmap_fixed_mapped=yes
ac_cv_func_select=yes
ac_cv_func_socket=yes
ac_cv_func_strerror=yes
ac_cv_header_alloca_h=yes
ac_cv_header_inttypes_h=yes
ac_cv_header_linux_ppdev_h=no
ac_cv_header_m_pd_h=yes
ac_cv_header_math_h=yes
ac_cv_header_memory_h=yes
ac_cv_header_regex_h=yes
ac_cv_header_stdc=yes
ac_cv_header_stdint_h=yes
ac_cv_header_stdio_h=yes
ac_cv_header_stdlib_h=yes
ac_cv_header_string_h=yes
ac_cv_header_strings_h=yes
ac_cv_header_sys_param_h=yes
ac_cv_header_sys_stat_h=yes
ac_cv_header_sys_time_h=yes
ac_cv_header_sys_types_h=yes
ac_cv_header_time=yes
ac_cv_header_time_h=yes
ac_cv_header_unistd_h=yes
ac_cv_lib_c_main=yes
ac_cv_lib_coldname_lseek=no
ac_cv_lib_crtdll_fclose=no
ac_cv_lib_gdi32_main=no
ac_cv_lib_kernel32_main=no
ac_cv_lib_m_main=yes
ac_cv_lib_pd_nullfn=no
ac_cv_lib_regex_regcomp=no
ac_cv_lib_user32_main=no
ac_cv_objext=o
ac_cv_path_EGREP='/opt/local/bin/grep -E'
ac_cv_path_GREP=/opt/local/bin/grep
ac_cv_prog_CPP='gcc -E'
ac_cv_prog_ac_ct_CC=gcc
ac_cv_prog_cc_c89=
ac_cv_prog_cc_g=yes

## ----------------- ##
## Output variables. ##
## ----------------- ##

ARCH_FLAG=''
BUILDLIBRARY='-DZEXY_LIBRARY'
CC='gcc'
CFLAGS='-I../../../pure-data/src  -g -O2 -mms-bitfields -fPIC'
CONFIGUREFLAGS='--with-pd=../../../pure-data'
CPP='gcc -E'
CPPFLAGS='-fPIC -mms-bitfields -I../../../pure-data/src  '
DEFS='-DHAVE_CONFIG_H'
ECHO_C='\c'
ECHO_N=''
ECHO_T=''
EGREP='/opt/local/bin/grep -E'
EXEEXT=''
EXT='pd_darwin'
GREP='/opt/local/bin/grep'
INCLUDES=''
LD='gcc'
LDFLAGS='-bundle -mmacosx-version-min=10.3 -undefined dynamic_lookup -L../../../pure-data -L../../../pure-data/src '
LFLAGS='-bundle -mmacosx-version-min=10.3 -undefined dynamic_lookup -L../../../pure-data -L../../../pure-data/src '
LIBNAME='zexy'
LIBOBJS=''
LIBRARY_VERSION='2.2.4'
LIBS='-lm -lc '
LTLIBOBJS=''
MAKEDEP_FLAGS='-MM'
OBJEXT='o'
PACKAGE_BUGREPORT=''
PACKAGE_NAME=''
PACKAGE_STRING=''
PACKAGE_TARNAME=''
PACKAGE_URL=''
PACKAGE_VERSION=''
PATH_SEPARATOR=':'
PDLIBDIR=''
REFERENCEPATH='extra/'
SHELL='/bin/sh'
SOURCES=''
STK=''
STRIP='echo faking strip'
STRIPFLAGS=''
ac_ct_CC='gcc'
bindir='${exec_prefix}/bin'
build_alias=''
datadir='${datarootdir}'
datarootdir='${prefix}/share'
docdir='${datarootdir}/doc/${PACKAGE}'
dvidir='${docdir}'
exec_prefix='${prefix}'
host_alias=''
htmldir='${docdir}'
includedir='${prefix}/include'
infodir='${datarootdir}/info'
libdir='${exec_prefix}/lib'
libexecdir='${exec_prefix}/libexec'
localedir='${datarootdir}/locale'
localstatedir='${prefix}/var'
mandir='${datarootdir}/man'
oldincludedir='/usr/include'
pdfdir='${docdir}'
prefix='/usr/local'
program_transform_name='s,x,x,'
psdir='${docdir}'
sbindir='${exec_prefix}/sbin'
sharedstatedir='${prefix}/com'
sysconfdir='${prefix}/etc'
target_alias=''

## ----------- ##
## confdefs.h. ##
## ----------- ##

/* confdefs.h */
#define PACKAGE_NAME ""
#define PACKAGE_TARNAME ""
#define PACKAGE_VERSION ""
#define PACKAGE_STRING ""
#define PACKAGE_BUGREPORT ""
#define PACKAGE_URL ""
#define HAVE_LIBC 1
#define HAVE_LIBM 1
#define STDC_HEADERS 1
#define HAVE_SYS_TYPES_H 1
#define HAVE_SYS_STAT_H 1
#define HAVE_STDLIB_H 1
#define HAVE_STRING_H 1
#define HAVE_MEMORY_H 1
#define HAVE_STRINGS_H 1
#define HAVE_INTTYPES_H 1
#define HAVE_STDINT_H 1
#define HAVE_UNISTD_H 1
#define HAVE_STDLIB_H 1
#define HAVE_STDIO_H 1
#define HAVE_STRING_H 1
#define HAVE_MATH_H 1
#define HAVE_TIME_H 1
#define HAVE_SYS_TIME_H 1
#define HAVE_REGEX_H 1
#define HAVE_ALLOCA_H 1
#define TIME_WITH_SYS_TIME 1
#define HAVE_STDLIB_H 1
#define HAVE_UNISTD_H 1
#define HAVE_SYS_PARAM_H 1
#define HAVE_GETPAGESIZE 1
#define HAVE_MMAP 1
#define HAVE_SELECT 1
#define HAVE_SOCKET 1
#define HAVE_STRERROR 1
#define HAVE_M_PD_H 1

configure: exit 0
